2019-08-31 02:48:06 Error: [Cake\Routing\Exception\MissingControllerException] Controller class Clientes could not be found.
Exception Attributes: array (
  'class' => 'Clientes',
  'plugin' => false,
  'prefix' => false,
  '_ext' => false,
)
#0 C:\xampp\htdocs\cake_prueba2\vendor\cakephp\cakephp\src\Http\ControllerFactory.php(39): Cake\Http\ControllerFactory->missingController(Object(Cake\Http\ServerRequest))
#1 C:\xampp\htdocs\cake_prueba2\vendor\cakephp\cakephp\src\Http\ActionDispatcher.php(91): Cake\Http\ControllerFactory->create(Object(Cake\Http\ServerRequest), Object(Cake\Http\Response))
#2 C:\xampp\htdocs\cake_prueba2\vendor\cakephp\cakephp\src\Http\BaseApplication.php(235): Cake\Http\ActionDispatcher->dispatch(Object(Cake\Http\ServerRequest), Object(Cake\Http\Response))
#3 C:\xampp\htdocs\cake_prueba2\vendor\cakephp\cakephp\src\Http\Runner.php(65): Cake\Http\BaseApplication->__invoke(Object(Cake\Http\ServerRequest), Object(Cake\Http\Response), Object(Cake\Http\Runner))
#4 C:\xampp\htdocs\cake_prueba2\vendor\cakephp\cakephp\src\Http\Runner.php(65): Cake\Http\Runner->__invoke(Object(Cake\Http\ServerRequest), Object(Cake\Http\Response), Object(Cake\Http\Runner))
#5 C:\xampp\htdocs\cake_prueba2\vendor\cakephp\cakephp\src\Http\Middleware\CsrfProtectionMiddleware.php(123): Cake\Http\Runner->__invoke(Object(Cake\Http\ServerRequest), Object(Cake\Http\Response))
#6 C:\xampp\htdocs\cake_prueba2\vendor\cakephp\cakephp\src\Http\Runner.php(65): Cake\Http\Middleware\CsrfProtectionMiddleware->__invoke(Object(Cake\Http\ServerRequest), Object(Cake\Http\Response), Object(Cake\Http\Runner))
#7 C:\xampp\htdocs\cake_prueba2\vendor\cakephp\cakephp\src\Http\Runner.php(51): Cake\Http\Runner->__invoke(Object(Cake\Http\ServerRequest), Object(Cake\Http\Response))
#8 C:\xampp\htdocs\cake_prueba2\vendor\cakephp\cakephp\src\Routing\Middleware\RoutingMiddleware.php(168): Cake\Http\Runner->run(Object(Cake\Http\MiddlewareQueue), Object(Cake\Http\ServerRequest), Object(Cake\Http\Response))
#9 C:\xampp\htdocs\cake_prueba2\vendor\cakephp\cakephp\src\Http\Runner.php(65): Cake\Routing\Middleware\RoutingMiddleware->__invoke(Object(Cake\Http\ServerRequest), Object(Cake\Http\Response), Object(Cake\Http\Runner))
#10 C:\xampp\htdocs\cake_prueba2\vendor\cakephp\cakephp\src\Routing\Middleware\AssetMiddleware.php(88): Cake\Http\Runner->__invoke(Object(Cake\Http\ServerRequest), Object(Cake\Http\Response))
#11 C:\xampp\htdocs\cake_prueba2\vendor\cakephp\cakephp\src\Http\Runner.php(65): Cake\Routing\Middleware\AssetMiddleware->__invoke(Object(Cake\Http\ServerRequest), Object(Cake\Http\Response), Object(Cake\Http\Runner))
#12 C:\xampp\htdocs\cake_prueba2\vendor\cakephp\cakephp\src\Error\Middleware\ErrorHandlerMiddleware.php(96): Cake\Http\Runner->__invoke(Object(Cake\Http\ServerRequest), Object(Cake\Http\Response))
#13 C:\xampp\htdocs\cake_prueba2\vendor\cakephp\cakephp\src\Http\Runner.php(65): Cake\Error\Middleware\ErrorHandlerMiddleware->__invoke(Object(Cake\Http\ServerRequest), Object(Cake\Http\Response), Object(Cake\Http\Runner))
#14 C:\xampp\htdocs\cake_prueba2\vendor\cakephp\debug_kit\src\Middleware\DebugKitMiddleware.php(53): Cake\Http\Runner->__invoke(Object(Cake\Http\ServerRequest), Object(Cake\Http\Response))
#15 C:\xampp\htdocs\cake_prueba2\vendor\cakephp\cakephp\src\Http\Runner.php(65): DebugKit\Middleware\DebugKitMiddleware->__invoke(Object(Cake\Http\ServerRequest), Object(Cake\Http\Response), Object(Cake\Http\Runner))
#16 C:\xampp\htdocs\cake_prueba2\vendor\cakephp\cakephp\src\Http\Runner.php(51): Cake\Http\Runner->__invoke(Object(Cake\Http\ServerRequest), Object(Cake\Http\Response))
#17 C:\xampp\htdocs\cake_prueba2\vendor\cakephp\cakephp\src\Http\Server.php(98): Cake\Http\Runner->run(Object(Cake\Http\MiddlewareQueue), Object(Cake\Http\ServerRequest), Object(Cake\Http\Response))
#18 C:\xampp\htdocs\cake_prueba2\webroot\index.php(40): Cake\Http\Server->run()
#19 {main}
Request URL: /Clientes


2019-08-31 02:48:26 Error: [Cake\Routing\Exception\MissingControllerException] Controller class Alumno could not be found.
Exception Attributes: array (
  'class' => 'Alumno',
  'plugin' => false,
  'prefix' => false,
  '_ext' => false,
)
#0 C:\xampp\htdocs\cake_prueba2\vendor\cakephp\cakephp\src\Http\ControllerFactory.php(39): Cake\Http\ControllerFactory->missingController(Object(Cake\Http\ServerRequest))
#1 C:\xampp\htdocs\cake_prueba2\vendor\cakephp\cakephp\src\Http\ActionDispatcher.php(91): Cake\Http\ControllerFactory->create(Object(Cake\Http\ServerRequest), Object(Cake\Http\Response))
#2 C:\xampp\htdocs\cake_prueba2\vendor\cakephp\cakephp\src\Http\BaseApplication.php(235): Cake\Http\ActionDispatcher->dispatch(Object(Cake\Http\ServerRequest), Object(Cake\Http\Response))
#3 C:\xampp\htdocs\cake_prueba2\vendor\cakephp\cakephp\src\Http\Runner.php(65): Cake\Http\BaseApplication->__invoke(Object(Cake\Http\ServerRequest), Object(Cake\Http\Response), Object(Cake\Http\Runner))
#4 C:\xampp\htdocs\cake_prueba2\vendor\cakephp\cakephp\src\Http\Runner.php(65): Cake\Http\Runner->__invoke(Object(Cake\Http\ServerRequest), Object(Cake\Http\Response), Object(Cake\Http\Runner))
#5 C:\xampp\htdocs\cake_prueba2\vendor\cakephp\cakephp\src\Http\Middleware\CsrfProtectionMiddleware.php(123): Cake\Http\Runner->__invoke(Object(Cake\Http\ServerRequest), Object(Cake\Http\Response))
#6 C:\xampp\htdocs\cake_prueba2\vendor\cakephp\cakephp\src\Http\Runner.php(65): Cake\Http\Middleware\CsrfProtectionMiddleware->__invoke(Object(Cake\Http\ServerRequest), Object(Cake\Http\Response), Object(Cake\Http\Runner))
#7 C:\xampp\htdocs\cake_prueba2\vendor\cakephp\cakephp\src\Http\Runner.php(51): Cake\Http\Runner->__invoke(Object(Cake\Http\ServerRequest), Object(Cake\Http\Response))
#8 C:\xampp\htdocs\cake_prueba2\vendor\cakephp\cakephp\src\Routing\Middleware\RoutingMiddleware.php(168): Cake\Http\Runner->run(Object(Cake\Http\MiddlewareQueue), Object(Cake\Http\ServerRequest), Object(Cake\Http\Response))
#9 C:\xampp\htdocs\cake_prueba2\vendor\cakephp\cakephp\src\Http\Runner.php(65): Cake\Routing\Middleware\RoutingMiddleware->__invoke(Object(Cake\Http\ServerRequest), Object(Cake\Http\Response), Object(Cake\Http\Runner))
#10 C:\xampp\htdocs\cake_prueba2\vendor\cakephp\cakephp\src\Routing\Middleware\AssetMiddleware.php(88): Cake\Http\Runner->__invoke(Object(Cake\Http\ServerRequest), Object(Cake\Http\Response))
#11 C:\xampp\htdocs\cake_prueba2\vendor\cakephp\cakephp\src\Http\Runner.php(65): Cake\Routing\Middleware\AssetMiddleware->__invoke(Object(Cake\Http\ServerRequest), Object(Cake\Http\Response), Object(Cake\Http\Runner))
#12 C:\xampp\htdocs\cake_prueba2\vendor\cakephp\cakephp\src\Error\Middleware\ErrorHandlerMiddleware.php(96): Cake\Http\Runner->__invoke(Object(Cake\Http\ServerRequest), Object(Cake\Http\Response))
#13 C:\xampp\htdocs\cake_prueba2\vendor\cakephp\cakephp\src\Http\Runner.php(65): Cake\Error\Middleware\ErrorHandlerMiddleware->__invoke(Object(Cake\Http\ServerRequest), Object(Cake\Http\Response), Object(Cake\Http\Runner))
#14 C:\xampp\htdocs\cake_prueba2\vendor\cakephp\debug_kit\src\Middleware\DebugKitMiddleware.php(53): Cake\Http\Runner->__invoke(Object(Cake\Http\ServerRequest), Object(Cake\Http\Response))
#15 C:\xampp\htdocs\cake_prueba2\vendor\cakephp\cakephp\src\Http\Runner.php(65): DebugKit\Middleware\DebugKitMiddleware->__invoke(Object(Cake\Http\ServerRequest), Object(Cake\Http\Response), Object(Cake\Http\Runner))
#16 C:\xampp\htdocs\cake_prueba2\vendor\cakephp\cakephp\src\Http\Runner.php(51): Cake\Http\Runner->__invoke(Object(Cake\Http\ServerRequest), Object(Cake\Http\Response))
#17 C:\xampp\htdocs\cake_prueba2\vendor\cakephp\cakephp\src\Http\Server.php(98): Cake\Http\Runner->run(Object(Cake\Http\MiddlewareQueue), Object(Cake\Http\ServerRequest), Object(Cake\Http\Response))
#18 C:\xampp\htdocs\cake_prueba2\webroot\index.php(40): Cake\Http\Server->run()
#19 {main}
Request URL: /Alumno


2019-08-31 02:59:40 Error: [Cake\Routing\Exception\MissingControllerException] Controller class Productos could not be found.
Exception Attributes: array (
  'class' => 'Productos',
  'plugin' => false,
  'prefix' => false,
  '_ext' => false,
)
#0 C:\xampp\htdocs\cake_prueba2\vendor\cakephp\cakephp\src\Http\ControllerFactory.php(39): Cake\Http\ControllerFactory->missingController(Object(Cake\Http\ServerRequest))
#1 C:\xampp\htdocs\cake_prueba2\vendor\cakephp\cakephp\src\Http\ActionDispatcher.php(91): Cake\Http\ControllerFactory->create(Object(Cake\Http\ServerRequest), Object(Cake\Http\Response))
#2 C:\xampp\htdocs\cake_prueba2\vendor\cakephp\cakephp\src\Http\BaseApplication.php(235): Cake\Http\ActionDispatcher->dispatch(Object(Cake\Http\ServerRequest), Object(Cake\Http\Response))
#3 C:\xampp\htdocs\cake_prueba2\vendor\cakephp\cakephp\src\Http\Runner.php(65): Cake\Http\BaseApplication->__invoke(Object(Cake\Http\ServerRequest), Object(Cake\Http\Response), Object(Cake\Http\Runner))
#4 C:\xampp\htdocs\cake_prueba2\vendor\cakephp\cakephp\src\Http\Runner.php(65): Cake\Http\Runner->__invoke(Object(Cake\Http\ServerRequest), Object(Cake\Http\Response), Object(Cake\Http\Runner))
#5 C:\xampp\htdocs\cake_prueba2\vendor\cakephp\cakephp\src\Http\Middleware\CsrfProtectionMiddleware.php(123): Cake\Http\Runner->__invoke(Object(Cake\Http\ServerRequest), Object(Cake\Http\Response))
#6 C:\xampp\htdocs\cake_prueba2\vendor\cakephp\cakephp\src\Http\Runner.php(65): Cake\Http\Middleware\CsrfProtectionMiddleware->__invoke(Object(Cake\Http\ServerRequest), Object(Cake\Http\Response), Object(Cake\Http\Runner))
#7 C:\xampp\htdocs\cake_prueba2\vendor\cakephp\cakephp\src\Http\Runner.php(51): Cake\Http\Runner->__invoke(Object(Cake\Http\ServerRequest), Object(Cake\Http\Response))
#8 C:\xampp\htdocs\cake_prueba2\vendor\cakephp\cakephp\src\Routing\Middleware\RoutingMiddleware.php(168): Cake\Http\Runner->run(Object(Cake\Http\MiddlewareQueue), Object(Cake\Http\ServerRequest), Object(Cake\Http\Response))
#9 C:\xampp\htdocs\cake_prueba2\vendor\cakephp\cakephp\src\Http\Runner.php(65): Cake\Routing\Middleware\RoutingMiddleware->__invoke(Object(Cake\Http\ServerRequest), Object(Cake\Http\Response), Object(Cake\Http\Runner))
#10 C:\xampp\htdocs\cake_prueba2\vendor\cakephp\cakephp\src\Routing\Middleware\AssetMiddleware.php(88): Cake\Http\Runner->__invoke(Object(Cake\Http\ServerRequest), Object(Cake\Http\Response))
#11 C:\xampp\htdocs\cake_prueba2\vendor\cakephp\cakephp\src\Http\Runner.php(65): Cake\Routing\Middleware\AssetMiddleware->__invoke(Object(Cake\Http\ServerRequest), Object(Cake\Http\Response), Object(Cake\Http\Runner))
#12 C:\xampp\htdocs\cake_prueba2\vendor\cakephp\cakephp\src\Error\Middleware\ErrorHandlerMiddleware.php(96): Cake\Http\Runner->__invoke(Object(Cake\Http\ServerRequest), Object(Cake\Http\Response))
#13 C:\xampp\htdocs\cake_prueba2\vendor\cakephp\cakephp\src\Http\Runner.php(65): Cake\Error\Middleware\ErrorHandlerMiddleware->__invoke(Object(Cake\Http\ServerRequest), Object(Cake\Http\Response), Object(Cake\Http\Runner))
#14 C:\xampp\htdocs\cake_prueba2\vendor\cakephp\debug_kit\src\Middleware\DebugKitMiddleware.php(53): Cake\Http\Runner->__invoke(Object(Cake\Http\ServerRequest), Object(Cake\Http\Response))
#15 C:\xampp\htdocs\cake_prueba2\vendor\cakephp\cakephp\src\Http\Runner.php(65): DebugKit\Middleware\DebugKitMiddleware->__invoke(Object(Cake\Http\ServerRequest), Object(Cake\Http\Response), Object(Cake\Http\Runner))
#16 C:\xampp\htdocs\cake_prueba2\vendor\cakephp\cakephp\src\Http\Runner.php(51): Cake\Http\Runner->__invoke(Object(Cake\Http\ServerRequest), Object(Cake\Http\Response))
#17 C:\xampp\htdocs\cake_prueba2\vendor\cakephp\cakephp\src\Http\Server.php(98): Cake\Http\Runner->run(Object(Cake\Http\MiddlewareQueue), Object(Cake\Http\ServerRequest), Object(Cake\Http\Response))
#18 C:\xampp\htdocs\cake_prueba2\webroot\index.php(40): Cake\Http\Server->run()
#19 {main}
Request URL: /productos


2019-08-31 03:01:31 Error: [Cake\Routing\Exception\MissingControllerException] Controller class Productos could not be found.
Exception Attributes: array (
  'class' => 'Productos',
  'plugin' => false,
  'prefix' => false,
  '_ext' => false,
)
#0 C:\xampp\htdocs\cake_prueba2\vendor\cakephp\cakephp\src\Http\ControllerFactory.php(39): Cake\Http\ControllerFactory->missingController(Object(Cake\Http\ServerRequest))
#1 C:\xampp\htdocs\cake_prueba2\vendor\cakephp\cakephp\src\Http\ActionDispatcher.php(91): Cake\Http\ControllerFactory->create(Object(Cake\Http\ServerRequest), Object(Cake\Http\Response))
#2 C:\xampp\htdocs\cake_prueba2\vendor\cakephp\cakephp\src\Http\BaseApplication.php(235): Cake\Http\ActionDispatcher->dispatch(Object(Cake\Http\ServerRequest), Object(Cake\Http\Response))
#3 C:\xampp\htdocs\cake_prueba2\vendor\cakephp\cakephp\src\Http\Runner.php(65): Cake\Http\BaseApplication->__invoke(Object(Cake\Http\ServerRequest), Object(Cake\Http\Response), Object(Cake\Http\Runner))
#4 C:\xampp\htdocs\cake_prueba2\vendor\cakephp\cakephp\src\Http\Runner.php(65): Cake\Http\Runner->__invoke(Object(Cake\Http\ServerRequest), Object(Cake\Http\Response), Object(Cake\Http\Runner))
#5 C:\xampp\htdocs\cake_prueba2\vendor\cakephp\cakephp\src\Http\Middleware\CsrfProtectionMiddleware.php(123): Cake\Http\Runner->__invoke(Object(Cake\Http\ServerRequest), Object(Cake\Http\Response))
#6 C:\xampp\htdocs\cake_prueba2\vendor\cakephp\cakephp\src\Http\Runner.php(65): Cake\Http\Middleware\CsrfProtectionMiddleware->__invoke(Object(Cake\Http\ServerRequest), Object(Cake\Http\Response), Object(Cake\Http\Runner))
#7 C:\xampp\htdocs\cake_prueba2\vendor\cakephp\cakephp\src\Http\Runner.php(51): Cake\Http\Runner->__invoke(Object(Cake\Http\ServerRequest), Object(Cake\Http\Response))
#8 C:\xampp\htdocs\cake_prueba2\vendor\cakephp\cakephp\src\Routing\Middleware\RoutingMiddleware.php(168): Cake\Http\Runner->run(Object(Cake\Http\MiddlewareQueue), Object(Cake\Http\ServerRequest), Object(Cake\Http\Response))
#9 C:\xampp\htdocs\cake_prueba2\vendor\cakephp\cakephp\src\Http\Runner.php(65): Cake\Routing\Middleware\RoutingMiddleware->__invoke(Object(Cake\Http\ServerRequest), Object(Cake\Http\Response), Object(Cake\Http\Runner))
#10 C:\xampp\htdocs\cake_prueba2\vendor\cakephp\cakephp\src\Routing\Middleware\AssetMiddleware.php(88): Cake\Http\Runner->__invoke(Object(Cake\Http\ServerRequest), Object(Cake\Http\Response))
#11 C:\xampp\htdocs\cake_prueba2\vendor\cakephp\cakephp\src\Http\Runner.php(65): Cake\Routing\Middleware\AssetMiddleware->__invoke(Object(Cake\Http\ServerRequest), Object(Cake\Http\Response), Object(Cake\Http\Runner))
#12 C:\xampp\htdocs\cake_prueba2\vendor\cakephp\cakephp\src\Error\Middleware\ErrorHandlerMiddleware.php(96): Cake\Http\Runner->__invoke(Object(Cake\Http\ServerRequest), Object(Cake\Http\Response))
#13 C:\xampp\htdocs\cake_prueba2\vendor\cakephp\cakephp\src\Http\Runner.php(65): Cake\Error\Middleware\ErrorHandlerMiddleware->__invoke(Object(Cake\Http\ServerRequest), Object(Cake\Http\Response), Object(Cake\Http\Runner))
#14 C:\xampp\htdocs\cake_prueba2\vendor\cakephp\debug_kit\src\Middleware\DebugKitMiddleware.php(53): Cake\Http\Runner->__invoke(Object(Cake\Http\ServerRequest), Object(Cake\Http\Response))
#15 C:\xampp\htdocs\cake_prueba2\vendor\cakephp\cakephp\src\Http\Runner.php(65): DebugKit\Middleware\DebugKitMiddleware->__invoke(Object(Cake\Http\ServerRequest), Object(Cake\Http\Response), Object(Cake\Http\Runner))
#16 C:\xampp\htdocs\cake_prueba2\vendor\cakephp\cakephp\src\Http\Runner.php(51): Cake\Http\Runner->__invoke(Object(Cake\Http\ServerRequest), Object(Cake\Http\Response))
#17 C:\xampp\htdocs\cake_prueba2\vendor\cakephp\cakephp\src\Http\Server.php(98): Cake\Http\Runner->run(Object(Cake\Http\MiddlewareQueue), Object(Cake\Http\ServerRequest), Object(Cake\Http\Response))
#18 C:\xampp\htdocs\cake_prueba2\webroot\index.php(40): Cake\Http\Server->run()
#19 {main}
Request URL: /productos


2019-08-31 03:01:35 Error: [Cake\Routing\Exception\MissingControllerException] Controller class Productos could not be found.
Exception Attributes: array (
  'class' => 'Productos',
  'plugin' => false,
  'prefix' => false,
  '_ext' => false,
)
#0 C:\xampp\htdocs\cake_prueba2\vendor\cakephp\cakephp\src\Http\ControllerFactory.php(39): Cake\Http\ControllerFactory->missingController(Object(Cake\Http\ServerRequest))
#1 C:\xampp\htdocs\cake_prueba2\vendor\cakephp\cakephp\src\Http\ActionDispatcher.php(91): Cake\Http\ControllerFactory->create(Object(Cake\Http\ServerRequest), Object(Cake\Http\Response))
#2 C:\xampp\htdocs\cake_prueba2\vendor\cakephp\cakephp\src\Http\BaseApplication.php(235): Cake\Http\ActionDispatcher->dispatch(Object(Cake\Http\ServerRequest), Object(Cake\Http\Response))
#3 C:\xampp\htdocs\cake_prueba2\vendor\cakephp\cakephp\src\Http\Runner.php(65): Cake\Http\BaseApplication->__invoke(Object(Cake\Http\ServerRequest), Object(Cake\Http\Response), Object(Cake\Http\Runner))
#4 C:\xampp\htdocs\cake_prueba2\vendor\cakephp\cakephp\src\Http\Runner.php(65): Cake\Http\Runner->__invoke(Object(Cake\Http\ServerRequest), Object(Cake\Http\Response), Object(Cake\Http\Runner))
#5 C:\xampp\htdocs\cake_prueba2\vendor\cakephp\cakephp\src\Http\Middleware\CsrfProtectionMiddleware.php(123): Cake\Http\Runner->__invoke(Object(Cake\Http\ServerRequest), Object(Cake\Http\Response))
#6 C:\xampp\htdocs\cake_prueba2\vendor\cakephp\cakephp\src\Http\Runner.php(65): Cake\Http\Middleware\CsrfProtectionMiddleware->__invoke(Object(Cake\Http\ServerRequest), Object(Cake\Http\Response), Object(Cake\Http\Runner))
#7 C:\xampp\htdocs\cake_prueba2\vendor\cakephp\cakephp\src\Http\Runner.php(51): Cake\Http\Runner->__invoke(Object(Cake\Http\ServerRequest), Object(Cake\Http\Response))
#8 C:\xampp\htdocs\cake_prueba2\vendor\cakephp\cakephp\src\Routing\Middleware\RoutingMiddleware.php(168): Cake\Http\Runner->run(Object(Cake\Http\MiddlewareQueue), Object(Cake\Http\ServerRequest), Object(Cake\Http\Response))
#9 C:\xampp\htdocs\cake_prueba2\vendor\cakephp\cakephp\src\Http\Runner.php(65): Cake\Routing\Middleware\RoutingMiddleware->__invoke(Object(Cake\Http\ServerRequest), Object(Cake\Http\Response), Object(Cake\Http\Runner))
#10 C:\xampp\htdocs\cake_prueba2\vendor\cakephp\cakephp\src\Routing\Middleware\AssetMiddleware.php(88): Cake\Http\Runner->__invoke(Object(Cake\Http\ServerRequest), Object(Cake\Http\Response))
#11 C:\xampp\htdocs\cake_prueba2\vendor\cakephp\cakephp\src\Http\Runner.php(65): Cake\Routing\Middleware\AssetMiddleware->__invoke(Object(Cake\Http\ServerRequest), Object(Cake\Http\Response), Object(Cake\Http\Runner))
#12 C:\xampp\htdocs\cake_prueba2\vendor\cakephp\cakephp\src\Error\Middleware\ErrorHandlerMiddleware.php(96): Cake\Http\Runner->__invoke(Object(Cake\Http\ServerRequest), Object(Cake\Http\Response))
#13 C:\xampp\htdocs\cake_prueba2\vendor\cakephp\cakephp\src\Http\Runner.php(65): Cake\Error\Middleware\ErrorHandlerMiddleware->__invoke(Object(Cake\Http\ServerRequest), Object(Cake\Http\Response), Object(Cake\Http\Runner))
#14 C:\xampp\htdocs\cake_prueba2\vendor\cakephp\debug_kit\src\Middleware\DebugKitMiddleware.php(53): Cake\Http\Runner->__invoke(Object(Cake\Http\ServerRequest), Object(Cake\Http\Response))
#15 C:\xampp\htdocs\cake_prueba2\vendor\cakephp\cakephp\src\Http\Runner.php(65): DebugKit\Middleware\DebugKitMiddleware->__invoke(Object(Cake\Http\ServerRequest), Object(Cake\Http\Response), Object(Cake\Http\Runner))
#16 C:\xampp\htdocs\cake_prueba2\vendor\cakephp\cakephp\src\Http\Runner.php(51): Cake\Http\Runner->__invoke(Object(Cake\Http\ServerRequest), Object(Cake\Http\Response))
#17 C:\xampp\htdocs\cake_prueba2\vendor\cakephp\cakephp\src\Http\Server.php(98): Cake\Http\Runner->run(Object(Cake\Http\MiddlewareQueue), Object(Cake\Http\ServerRequest), Object(Cake\Http\Response))
#18 C:\xampp\htdocs\cake_prueba2\webroot\index.php(40): Cake\Http\Server->run()
#19 {main}
Request URL: /productos


2019-08-31 03:01:56 Error: [Cake\Routing\Exception\MissingControllerException] Controller class Productos could not be found.
Exception Attributes: array (
  'class' => 'Productos',
  'plugin' => false,
  'prefix' => false,
  '_ext' => false,
)
#0 C:\xampp\htdocs\cake_prueba2\vendor\cakephp\cakephp\src\Http\ControllerFactory.php(39): Cake\Http\ControllerFactory->missingController(Object(Cake\Http\ServerRequest))
#1 C:\xampp\htdocs\cake_prueba2\vendor\cakephp\cakephp\src\Http\ActionDispatcher.php(91): Cake\Http\ControllerFactory->create(Object(Cake\Http\ServerRequest), Object(Cake\Http\Response))
#2 C:\xampp\htdocs\cake_prueba2\vendor\cakephp\cakephp\src\Http\BaseApplication.php(235): Cake\Http\ActionDispatcher->dispatch(Object(Cake\Http\ServerRequest), Object(Cake\Http\Response))
#3 C:\xampp\htdocs\cake_prueba2\vendor\cakephp\cakephp\src\Http\Runner.php(65): Cake\Http\BaseApplication->__invoke(Object(Cake\Http\ServerRequest), Object(Cake\Http\Response), Object(Cake\Http\Runner))
#4 C:\xampp\htdocs\cake_prueba2\vendor\cakephp\cakephp\src\Http\Runner.php(65): Cake\Http\Runner->__invoke(Object(Cake\Http\ServerRequest), Object(Cake\Http\Response), Object(Cake\Http\Runner))
#5 C:\xampp\htdocs\cake_prueba2\vendor\cakephp\cakephp\src\Http\Middleware\CsrfProtectionMiddleware.php(123): Cake\Http\Runner->__invoke(Object(Cake\Http\ServerRequest), Object(Cake\Http\Response))
#6 C:\xampp\htdocs\cake_prueba2\vendor\cakephp\cakephp\src\Http\Runner.php(65): Cake\Http\Middleware\CsrfProtectionMiddleware->__invoke(Object(Cake\Http\ServerRequest), Object(Cake\Http\Response), Object(Cake\Http\Runner))
#7 C:\xampp\htdocs\cake_prueba2\vendor\cakephp\cakephp\src\Http\Runner.php(51): Cake\Http\Runner->__invoke(Object(Cake\Http\ServerRequest), Object(Cake\Http\Response))
#8 C:\xampp\htdocs\cake_prueba2\vendor\cakephp\cakephp\src\Routing\Middleware\RoutingMiddleware.php(168): Cake\Http\Runner->run(Object(Cake\Http\MiddlewareQueue), Object(Cake\Http\ServerRequest), Object(Cake\Http\Response))
#9 C:\xampp\htdocs\cake_prueba2\vendor\cakephp\cakephp\src\Http\Runner.php(65): Cake\Routing\Middleware\RoutingMiddleware->__invoke(Object(Cake\Http\ServerRequest), Object(Cake\Http\Response), Object(Cake\Http\Runner))
#10 C:\xampp\htdocs\cake_prueba2\vendor\cakephp\cakephp\src\Routing\Middleware\AssetMiddleware.php(88): Cake\Http\Runner->__invoke(Object(Cake\Http\ServerRequest), Object(Cake\Http\Response))
#11 C:\xampp\htdocs\cake_prueba2\vendor\cakephp\cakephp\src\Http\Runner.php(65): Cake\Routing\Middleware\AssetMiddleware->__invoke(Object(Cake\Http\ServerRequest), Object(Cake\Http\Response), Object(Cake\Http\Runner))
#12 C:\xampp\htdocs\cake_prueba2\vendor\cakephp\cakephp\src\Error\Middleware\ErrorHandlerMiddleware.php(96): Cake\Http\Runner->__invoke(Object(Cake\Http\ServerRequest), Object(Cake\Http\Response))
#13 C:\xampp\htdocs\cake_prueba2\vendor\cakephp\cakephp\src\Http\Runner.php(65): Cake\Error\Middleware\ErrorHandlerMiddleware->__invoke(Object(Cake\Http\ServerRequest), Object(Cake\Http\Response), Object(Cake\Http\Runner))
#14 C:\xampp\htdocs\cake_prueba2\vendor\cakephp\debug_kit\src\Middleware\DebugKitMiddleware.php(53): Cake\Http\Runner->__invoke(Object(Cake\Http\ServerRequest), Object(Cake\Http\Response))
#15 C:\xampp\htdocs\cake_prueba2\vendor\cakephp\cakephp\src\Http\Runner.php(65): DebugKit\Middleware\DebugKitMiddleware->__invoke(Object(Cake\Http\ServerRequest), Object(Cake\Http\Response), Object(Cake\Http\Runner))
#16 C:\xampp\htdocs\cake_prueba2\vendor\cakephp\cakephp\src\Http\Runner.php(51): Cake\Http\Runner->__invoke(Object(Cake\Http\ServerRequest), Object(Cake\Http\Response))
#17 C:\xampp\htdocs\cake_prueba2\vendor\cakephp\cakephp\src\Http\Server.php(98): Cake\Http\Runner->run(Object(Cake\Http\MiddlewareQueue), Object(Cake\Http\ServerRequest), Object(Cake\Http\Response))
#18 C:\xampp\htdocs\cake_prueba2\webroot\index.php(40): Cake\Http\Server->run()
#19 {main}
Request URL: /productos


